<?xml version="1.0" encoding="UTF-8"?>
<testng-results skipped="0" failed="0" total="1" passed="1">
  <reporter-output>
  </reporter-output>
  <suite name="Default suite" duration-ms="26970" started-at="2016-06-28T02:40:18Z" finished-at="2016-06-28T02:40:45Z">
    <groups>
    </groups>
    <test name="Default test" duration-ms="26970" started-at="2016-06-28T02:40:18Z" finished-at="2016-06-28T02:40:45Z">
      <class name="com.StockAccountin.pom.logintest">
        <test-method status="PASS" signature="login()[pri:0, instance:com.StockAccountin.pom.logintest@6bb7c984]" name="login" duration-ms="26961" started-at="2016-06-28T08:10:18Z" finished-at="2016-06-28T08:10:45Z">
          <reporter-output>
          </reporter-output>
        </test-method> <!-- login -->
      </class> <!-- com.StockAccountin.pom.logintest -->
    </test> <!-- Default test -->
  </suite> <!-- Default suite -->
</testng-results>
